<?xml version="1.0" encoding="UTF-8"?>
<!-- Generated by org.testng.reporters.JUnitReportReporter -->
<testsuite hostname="RAGULRAGAVENDRA" failures="0" tests="3" name="testNG.Attr_ThreadPoolSize" time="0.039" errors="0" timestamp="2024-04-30T18:11:37 IST" skipped="0">
  <testcase classname="testNG.Attr_ThreadPoolSize" name="Login" time="0.013"/>
  <testcase classname="testNG.Attr_ThreadPoolSize" name="Login" time="0.013"/>
  <testcase classname="testNG.Attr_ThreadPoolSize" name="Login" time="0.013"/>
</testsuite> <!-- testNG.Attr_ThreadPoolSize -->
