<?xml version="1.0" encoding="UTF-8"?>
<!-- Generated by org.testng.reporters.JUnitReportReporter -->
<testsuite hostname="RAGULRAGAVENDRA" failures="0" tests="1" name="testNG.Annotation" time="0.009" errors="0" timestamp="2024-04-30T20:30:53 IST" skipped="0">
  <testcase classname="testNG.Annotation" name="test" time="0.009"/>
</testsuite> <!-- testNG.Annotation -->
