<?xml version="1.0" encoding="UTF-8"?>
<!-- Generated by org.testng.reporters.JUnitReportReporter -->
<testsuite hostname="RAGULRAGAVENDRA" failures="0" tests="1" name="testNG.Attr_TimeOut" time="0.014" errors="0" timestamp="2024-04-30T18:24:45 IST" skipped="0">
  <testcase classname="testNG.Attr_TimeOut" name="Login" time="0.014"/>
</testsuite> <!-- testNG.Attr_TimeOut -->
