<?xml version="1.0" encoding="UTF-8"?>
<!-- Generated by org.testng.reporters.JUnitReportReporter -->
<testsuite hostname="RAGULRAGAVENDRA" failures="0" tests="2" name="testNG.Anno_Parameters" time="0.027" errors="0" timestamp="2024-04-30T19:34:34 IST" skipped="0">
  <testcase classname="testNG.Anno_Parameters" name="LaunchApp" time="0.012"/>
  <testcase classname="testNG.Anno_Parameters" name="LaunchApp" time="0.015"/>
</testsuite> <!-- testNG.Anno_Parameters -->
