<?xml version="1.0" encoding="UTF-8"?>
<!-- Generated by org.testng.reporters.JUnitReportReporter -->
<testsuite hostname="RAGULRAGAVENDRA" failures="0" tests="1" name="testNG.BasicAnnotations" time="0.006" errors="0" timestamp="2024-05-04T10:34:24 IST" skipped="0">
  <testcase classname="testNG.BasicAnnotations" name="f" time="0.006"/>
</testsuite> <!-- testNG.BasicAnnotations -->
