<?xml version="1.0" encoding="UTF-8"?>
<!-- Generated by org.testng.reporters.JUnitReportReporter -->
<testsuite hostname="RAGULRAGAVENDRA" failures="0" tests="4" name="testNG.Attr_Groups" time="0.026" errors="0" timestamp="2024-04-30T18:46:34 IST" skipped="0">
  <testcase classname="testNG.Attr_Groups" name="SearcProduct" time="0.004"/>
  <testcase classname="testNG.Attr_Groups" name="Logout" time="0.005"/>
  <testcase classname="testNG.Attr_Groups" name="Payment" time="0.002"/>
  <testcase classname="testNG.Attr_Groups" name="Login" time="0.015"/>
</testsuite> <!-- testNG.Attr_Groups -->
