<?xml version="1.0" encoding="UTF-8"?>
<!-- Generated by org.testng.reporters.JUnitReportReporter -->
<testsuite hostname="RAGULRAGAVENDRA" failures="0" tests="1" name="testNG.InputForm" time="8.480" errors="0" timestamp="2024-04-30T17:22:55 IST" skipped="0">
  <testcase classname="testNG.InputForm" name="main" time="8.480"/>
</testsuite> <!-- testNG.InputForm -->
