<?xml version="1.0" encoding="UTF-8"?>
<!-- Generated by org.testng.reporters.JUnitReportReporter -->
<testsuite hostname="RAGULRAGAVENDRA" failures="0" tests="5" name="testNG.Priority" time="0.020" errors="0" timestamp="2024-04-30T17:29:06 IST" skipped="0">
  <testcase classname="testNG.Priority" name="LaunchApp" time="0.011"/>
  <testcase classname="testNG.Priority" name="Login" time="0.003"/>
  <testcase classname="testNG.Priority" name="SearcProduct" time="0.002"/>
  <testcase classname="testNG.Priority" name="Payment" time="0.002"/>
  <testcase classname="testNG.Priority" name="Logout" time="0.002"/>
</testsuite> <!-- testNG.Priority -->
